./node_modules/.pnpm/bullmq@5.70.4/node_modules/bullmq/dist/esm/classes/child.js:1:1
Module not found: Can't resolve 'child_process'
> 1 | import { fork } from 'child_process';
    | ^^^^^^^^^^^^^^^^^^^^^^^^^^^^^^^^^^^^^
  2 | import { createServer } from 'net';
  3 | import { Worker } from 'worker_threads';
  4 | import { ChildCommand, ParentCommand } from '../enums';



Import traces:
  #1 [App Route]:
    ./node_modules/.pnpm/bullmq@5.70.4/node_modules/bullmq/dist/esm/classes/child.js
    ./node_modules/.pnpm/bullmq@5.70.4/node_modules/bullmq/dist/esm/classes/worker.js
    ./packages/ingestion/src/queue.ts
    ./apps/web/src/app/api/notes/[noteId]/sync/route.ts

  #2 [App Route]:
    ./node_modules/.pnpm/bullmq@5.70.4/node_modules/bullmq/dist/esm/classes/child.js
    ./node_modules/.pnpm/bullmq@5.70.4/node_modules/bullmq/dist/esm/classes/child-pool.js
    ./node_modules/.pnpm/bullmq@5.70.4/node_modules/bullmq/dist/esm/classes/worker.js
    ./packages/ingestion/src/queue.ts
    ./apps/web/src/app/api/workspaces/[workspaceUuid]/files/[fileUuid]/reingest/route.ts

  #3 [Client Component Browser]:
    ./node_modules/.pnpm/bullmq@5.70.4/node_modules/bullmq/dist/esm/classes/child.js [Client Component Browser]
    ./node_modules/.pnpm/bullmq@5.70.4/node_modules/bullmq/dist/esm/classes/child-pool.js [Client Component Browser]
    ./node_modules/.pnpm/bullmq@5.70.4/node_modules/bullmq/dist/esm/classes/worker.js [Client Component Browser]
    ./packages/ingestion/src/queue.ts [Client Component Browser]
    ./apps/web/src/lib/upload-registration.ts [Client Component Browser]
    ./apps/web/src/lib/imports.ts [Client Component Browser]
    ./apps/web/src/components/settings/data-imports-section.tsx [Client Component Browser]
    ./apps/web/src/components/settings/settings-panel.tsx [Client Component Browser]
    ./apps/web/src/components/settings/settings-dialog.tsx [Client Component Browser]
    ./apps/web/src/components/dashboard/shell.tsx [Client Component Browser]
    ./apps/web/src/components/dashboard/shell.tsx [Server Component]
    ./apps/web/src/app/workspace/layout.tsx [Server Component]

  #4 [Client Component SSR]:
    ./node_modules/.pnpm/bullmq@5.70.4/node_modules/bullmq/dist/esm/classes/child.js [Client Component SSR]
    ./node_modules/.pnpm/bullmq@5.70.4/node_modules/bullmq/dist/esm/classes/child-pool.js [Client Component SSR]
    ./node_modules/.pnpm/bullmq@5.70.4/node_modules/bullmq/dist/esm/classes/worker.js [Client Component SSR]
    ./packages/ingestion/src/queue.ts [Client Component SSR]
    ./apps/web/src/lib/upload-registration.ts [Client Component SSR]
    ./apps/web/src/lib/imports.ts [Client Component SSR]
    ./apps/web/src/components/settings/data-imports-section.tsx [Client Component SSR]
    ./apps/web/src/components/settings/settings-panel.tsx [Client Component SSR]
    ./apps/web/src/components/settings/settings-dialog.tsx [Client Component SSR]
    ./apps/web/src/components/dashboard/shell.tsx [Client Component SSR]
    ./apps/web/src/components/dashboard/shell.tsx [Server Component]
    ./apps/web/src/app/workspace/layout.tsx [Server Component]

https://nextjs.org/docs/messages/module-not-found


./node_modules/.pnpm/ioredis@5.9.3/node_modules/ioredis/built/cluster/ClusterOptions.js:4:15
Module not found: Can't resolve 'dns'
  2 | Object.defineProperty(exports, "__esModule", { value: true });
  3 | exports.DEFAULT_CLUSTER_OPTIONS = void 0;
> 4 | const dns_1 = require("dns");
    |               ^^^^^^^^^^^^^^
  5 | exports.DEFAULT_CLUSTER_OPTIONS = {
  6 |     clusterRetryStrategy: (times) => Math.min(100 + times * 2, 2000),
  7 |     enableOfflineQueue: true,



Import traces:
  App Route:
    ./node_modules/.pnpm/ioredis@5.9.3/node_modules/ioredis/built/cluster/ClusterOptions.js
    ./node_modules/.pnpm/ioredis@5.9.3/node_modules/ioredis/built/cluster/index.js
    ./node_modules/.pnpm/ioredis@5.9.3/node_modules/ioredis/built/index.js
    ./node_modules/.pnpm/bullmq@5.70.4/node_modules/bullmq/dist/esm/utils/index.js
    ./node_modules/.pnpm/bullmq@5.70.4/node_modules/bullmq/dist/esm/index.js
    ./packages/ingestion/src/queue.ts
    ./apps/web/src/app/api/maintenance/notes/reindex/route.ts

  Client Component Browser:
    ./node_modules/.pnpm/ioredis@5.9.3/node_modules/ioredis/built/cluster/ClusterOptions.js [Client Component Browser]
    ./node_modules/.pnpm/ioredis@5.9.3/node_modules/ioredis/built/cluster/index.js [Client Component Browser]
    ./node_modules/.pnpm/ioredis@5.9.3/node_modules/ioredis/built/index.js [Client Component Browser]
    ./node_modules/.pnpm/bullmq@5.70.4/node_modules/bullmq/dist/esm/utils/index.js [Client Component Browser]
    ./node_modules/.pnpm/bullmq@5.70.4/node_modules/bullmq/dist/esm/index.js [Client Component Browser]
    ./packages/ingestion/src/queue.ts [Client Component Browser]
    ./apps/web/src/lib/upload-registration.ts [Client Component Browser]
    ./apps/web/src/lib/imports.ts [Client Component Browser]
    ./apps/web/src/components/settings/data-imports-section.tsx [Client Component Browser]
    ./apps/web/src/components/settings/settings-panel.tsx [Client Component Browser]
    ./apps/web/src/components/settings/settings-dialog.tsx [Client Component Browser]
    ./apps/web/src/components/dashboard/shell.tsx [Client Component Browser]
    ./apps/web/src/components/dashboard/shell.tsx [Server Component]
    ./apps/web/src/app/workspace/layout.tsx [Server Component]

  Client Component SSR:
    ./node_modules/.pnpm/ioredis@5.9.3/node_modules/ioredis/built/cluster/ClusterOptions.js [Client Component SSR]
    ./node_modules/.pnpm/ioredis@5.9.3/node_modules/ioredis/built/cluster/index.js [Client Component SSR]
    ./node_modules/.pnpm/ioredis@5.9.3/node_modules/ioredis/built/index.js [Client Component SSR]
    ./node_modules/.pnpm/bullmq@5.70.4/node_modules/bullmq/dist/esm/utils/index.js [Client Component SSR]
    ./node_modules/.pnpm/bullmq@5.70.4/node_modules/bullmq/dist/esm/index.js [Client Component SSR]
    ./packages/ingestion/src/queue.ts [Client Component SSR]
    ./apps/web/src/lib/upload-registration.ts [Client Component SSR]
    ./apps/web/src/lib/imports.ts [Client Component SSR]
    ./apps/web/src/components/settings/data-imports-section.tsx [Client Component SSR]
    ./apps/web/src/components/settings/settings-panel.tsx [Client Component SSR]
    ./apps/web/src/components/settings/settings-dialog.tsx [Client Component SSR]
    ./apps/web/src/components/dashboard/shell.tsx [Client Component SSR]
    ./apps/web/src/components/dashboard/shell.tsx [Server Component]
    ./apps/web/src/app/workspace/layout.tsx [Server Component]

https://nextjs.org/docs/messages/module-not-found


./node_modules/.pnpm/pg@8.20.0/node_modules/pg/lib/connection-parameters.js:3:13
Module not found: Can't resolve 'dns'
  1 | 'use strict'
  2 |
> 3 | const dns = require('dns')
    |             ^^^^^^^^^^^^^^
  4 |
  5 | const defaults = require('./defaults')
  6 |



Import trace:
  Client Component Browser:
    ./node_modules/.pnpm/pg@8.20.0/node_modules/pg/lib/connection-parameters.js [Client Component Browser]
    ./node_modules/.pnpm/pg@8.20.0/node_modules/pg/lib/client.js [Client Component Browser]
    ./node_modules/.pnpm/pg@8.20.0/node_modules/pg/lib/index.js [Client Component Browser]
    ./node_modules/.pnpm/pg@8.20.0/node_modules/pg/esm/index.mjs [Client Component Browser]
    ./packages/database/src/client.ts [Client Component Browser]
    ./packages/database/src/auth-account-data.ts [Client Component Browser]
    ./apps/web/src/lib/imports.ts [Client Component Browser]
    ./apps/web/src/components/settings/data-imports-section.tsx [Client Component Browser]
    ./apps/web/src/components/settings/settings-panel.tsx [Client Component Browser]
    ./apps/web/src/components/settings/settings-dialog.tsx [Client Component Browser]
    ./apps/web/src/components/dashboard/shell.tsx [Client Component Browser]
    ./apps/web/src/components/dashboard/shell.tsx [Server Component]
    ./apps/web/src/app/workspace/layout.tsx [Server Component]

https://nextjs.org/docs/messages/module-not-found


./node_modules/.pnpm/@redis+client@5.11.0/node_modules/@redis/client/dist/lib/client/enterprise-maintenance-manager.js:9:20
Module not found: Can't resolve 'dns/promises'
   7 | exports.emitDiagnostics = exports.dbgMaintenance = exports.MAINTENANCE_EVENTS = exports.SMIGRATED_EVENT = void 0;
   8 | const net_1 = require("net");
>  9 | const promises_1 = require("dns/promises");
     |                    ^^^^^^^^^^^^^^^^^^^^^^^
  10 | const node_assert_1 = __importDefault(require("node:assert"));
  11 | const promises_2 = require("node:timers/promises");
  12 | const node_diagnostics_channel_1 = __importDefault(require("node:diagnostics_channel"));



Import traces:
  App Route:
    ./node_modules/.pnpm/@redis+client@5.11.0/node_modules/@redis/client/dist/lib/client/enterprise-maintenance-manager.js
    ./node_modules/.pnpm/@redis+client@5.11.0/node_modules/@redis/client/dist/lib/client/index.js
    ./node_modules/.pnpm/@redis+client@5.11.0/node_modules/@redis/client/dist/index.js
    ./node_modules/.pnpm/redis@5.11.0/node_modules/redis/dist/index.js
    ./apps/web/src/lib/tasks-cache.ts
    ./apps/web/src/app/api/capture/route.ts

  Client Component Browser:
    ./node_modules/.pnpm/@redis+client@5.11.0/node_modules/@redis/client/dist/lib/client/enterprise-maintenance-manager.js [Client Component Browser]
    ./node_modules/.pnpm/@redis+client@5.11.0/node_modules/@redis/client/dist/lib/client/index.js [Client Component Browser]
    ./node_modules/.pnpm/@redis+client@5.11.0/node_modules/@redis/client/dist/index.js [Client Component Browser]
    ./node_modules/.pnpm/redis@5.11.0/node_modules/redis/dist/index.js [Client Component Browser]
    ./apps/web/src/lib/files-realtime-publisher.ts [Client Component Browser]
    ./apps/web/src/lib/imports.ts [Client Component Browser]
    ./apps/web/src/components/settings/data-imports-section.tsx [Client Component Browser]
    ./apps/web/src/components/settings/settings-panel.tsx [Client Component Browser]
    ./apps/web/src/components/settings/settings-dialog.tsx [Client Component Browser]
    ./apps/web/src/components/dashboard/shell.tsx [Client Component Browser]
    ./apps/web/src/components/dashboard/shell.tsx [Server Component]
    ./apps/web/src/app/workspace/layout.tsx [Server Component]

  Client Component SSR:
    ./node_modules/.pnpm/@redis+client@5.11.0/node_modules/@redis/client/dist/lib/client/enterprise-maintenance-manager.js [Client Component SSR]
    ./node_modules/.pnpm/@redis+client@5.11.0/node_modules/@redis/client/dist/lib/client/index.js [Client Component SSR]
    ./node_modules/.pnpm/@redis+client@5.11.0/node_modules/@redis/client/dist/index.js [Client Component SSR]
    ./node_modules/.pnpm/redis@5.11.0/node_modules/redis/dist/index.js [Client Component SSR]
    ./apps/web/src/lib/files-realtime-publisher.ts [Client Component SSR]
    ./apps/web/src/lib/imports.ts [Client Component SSR]
    ./apps/web/src/components/settings/data-imports-section.tsx [Client Component SSR]
    ./apps/web/src/components/settings/settings-panel.tsx [Client Component SSR]
    ./apps/web/src/components/settings/settings-dialog.tsx [Client Component SSR]
    ./apps/web/src/components/dashboard/shell.tsx [Client Component SSR]
    ./apps/web/src/components/dashboard/shell.tsx [Server Component]
    ./apps/web/src/app/workspace/layout.tsx [Server Component]

https://nextjs.org/docs/messages/module-not-found


./node_modules/.pnpm/bullmq@5.70.4/node_modules/bullmq/dist/esm/classes/worker.js:1:1
Module not found: Can't resolve 'fs'
> 1 | import * as fs from 'fs';
    | ^^^^^^^^^^^^^^^^^^^^^^^^^
  2 | import { URL } from 'url';
  3 | import * as path from 'path';
  4 | import { v4 } from 'uuid';



Import traces:
  #1 [App Route]:
    ./node_modules/.pnpm/bullmq@5.70.4/node_modules/bullmq/dist/esm/classes/worker.js
    ./packages/ingestion/src/queue.ts
    ./apps/web/src/app/api/maintenance/notes/reindex/route.ts

  #2 [App Route]:
    ./node_modules/.pnpm/bullmq@5.70.4/node_modules/bullmq/dist/esm/classes/worker.js
    ./node_modules/.pnpm/bullmq@5.70.4/node_modules/bullmq/dist/esm/classes/worker.js
    ./packages/ingestion/src/queue.ts
    ./apps/web/src/app/api/notes/[noteId]/sync/route.ts

  #3 [Client Component Browser]:
    ./node_modules/.pnpm/bullmq@5.70.4/node_modules/bullmq/dist/esm/classes/worker.js [Client Component Browser]
    ./packages/ingestion/src/queue.ts [Client Component Browser]
    ./apps/web/src/lib/upload-registration.ts [Client Component Browser]
    ./apps/web/src/lib/imports.ts [Client Component Browser]
    ./apps/web/src/components/settings/data-imports-section.tsx [Client Component Browser]
    ./apps/web/src/components/settings/settings-panel.tsx [Client Component Browser]
    ./apps/web/src/components/settings/settings-dialog.tsx [Client Component Browser]
    ./apps/web/src/components/dashboard/shell.tsx [Client Component Browser]
    ./apps/web/src/components/dashboard/shell.tsx [Server Component]
    ./apps/web/src/app/workspace/layout.tsx [Server Component]

  #4 [Client Component SSR]:
    ./node_modules/.pnpm/bullmq@5.70.4/node_modules/bullmq/dist/esm/classes/worker.js [Client Component SSR]
    ./packages/ingestion/src/queue.ts [Client Component SSR]
    ./apps/web/src/lib/upload-registration.ts [Client Component SSR]
    ./apps/web/src/lib/imports.ts [Client Component SSR]
    ./apps/web/src/components/settings/data-imports-section.tsx [Client Component SSR]
    ./apps/web/src/components/settings/settings-panel.tsx [Client Component SSR]
    ./apps/web/src/components/settings/settings-dialog.tsx [Client Component SSR]
    ./apps/web/src/components/dashboard/shell.tsx [Client Component SSR]
    ./apps/web/src/components/dashboard/shell.tsx [Server Component]
    ./apps/web/src/app/workspace/layout.tsx [Server Component]

https://nextjs.org/docs/messages/module-not-found


./node_modules/.pnpm/ioredis@5.9.3/node_modules/ioredis/built/utils/index.js:4:14
Module not found: Can't resolve 'fs'
  2 | Object.defineProperty(exports, "__esModule", { value: true });
  3 | exports.noop = exports.defaults = exports.Debug = exports.getPackageMeta = exports.zipMap = exports.CONNECTION_CLOSED_ERROR_MSG = exports.shuffle = exports.sampl...
> 4 | const fs_1 = require("fs");
    |              ^^^^^^^^^^^^^
  5 | const path_1 = require("path");
  6 | const url_1 = require("url");
  7 | const lodash_1 = require("./lodash");



Import traces:
  App Route:
    ./node_modules/.pnpm/ioredis@5.9.3/node_modules/ioredis/built/utils/index.js
    ./node_modules/.pnpm/bullmq@5.70.4/node_modules/bullmq/dist/esm/utils/index.js
    ./node_modules/.pnpm/bullmq@5.70.4/node_modules/bullmq/dist/esm/index.js
    ./packages/ingestion/src/queue.ts
    ./apps/web/src/app/api/ai/ingestion/jobs/route.ts

  Client Component Browser:
    ./node_modules/.pnpm/ioredis@5.9.3/node_modules/ioredis/built/utils/index.js [Client Component Browser]
    ./node_modules/.pnpm/bullmq@5.70.4/node_modules/bullmq/dist/esm/utils/index.js [Client Component Browser]
    ./node_modules/.pnpm/bullmq@5.70.4/node_modules/bullmq/dist/esm/index.js [Client Component Browser]
    ./packages/ingestion/src/queue.ts [Client Component Browser]
    ./apps/web/src/lib/upload-registration.ts [Client Component Browser]
    ./apps/web/src/lib/imports.ts [Client Component Browser]
    ./apps/web/src/components/settings/data-imports-section.tsx [Client Component Browser]
    ./apps/web/src/components/settings/settings-panel.tsx [Client Component Browser]
    ./apps/web/src/components/settings/settings-dialog.tsx [Client Component Browser]
    ./apps/web/src/components/dashboard/shell.tsx [Client Component Browser]
    ./apps/web/src/components/dashboard/shell.tsx [Server Component]
    ./apps/web/src/app/workspace/layout.tsx [Server Component]

  Client Component SSR:
    ./node_modules/.pnpm/ioredis@5.9.3/node_modules/ioredis/built/utils/index.js [Client Component SSR]
    ./node_modules/.pnpm/bullmq@5.70.4/node_modules/bullmq/dist/esm/utils/index.js [Client Component SSR]
    ./node_modules/.pnpm/bullmq@5.70.4/node_modules/bullmq/dist/esm/index.js [Client Component SSR]
    ./packages/ingestion/src/queue.ts [Client Component SSR]
    ./apps/web/src/lib/upload-registration.ts [Client Component SSR]
    ./apps/web/src/lib/imports.ts [Client Component SSR]
    ./apps/web/src/components/settings/data-imports-section.tsx [Client Component SSR]
    ./apps/web/src/components/settings/settings-panel.tsx [Client Component SSR]
    ./apps/web/src/components/settings/settings-dialog.tsx [Client Component SSR]
    ./apps/web/src/components/dashboard/shell.tsx [Client Component SSR]
    ./apps/web/src/components/dashboard/shell.tsx [Server Component]
    ./apps/web/src/app/workspace/layout.tsx [Server Component]

https://nextjs.org/docs/messages/module-not-found


./node_modules/.pnpm/pg-connection-string@2.12.0/node_modules/pg-connection-string/index.js:82:70
Module not found: Can't resolve 'fs'
  80 |
  81 |   // Only try to load fs if we expect to read from the disk
> 82 |   const fs = config.sslcert || config.sslkey || config.sslrootcert ? require('fs') : null
     |                                                                      ^^^^^^^^^^^^^
  83 |
  84 |   if (config.sslcert) {
  85 |     config.ssl.cert = fs.readFileSync(config.sslcert).toString()



Import trace:
  Client Component Browser:
    ./node_modules/.pnpm/pg-connection-string@2.12.0/node_modules/pg-connection-string/index.js [Client Component Browser]
    ./node_modules/.pnpm/pg@8.20.0/node_modules/pg/lib/connection-parameters.js [Client Component Browser]
    ./node_modules/.pnpm/pg@8.20.0/node_modules/pg/lib/client.js [Client Component Browser]
    ./node_modules/.pnpm/pg@8.20.0/node_modules/pg/lib/index.js [Client Component Browser]
    ./node_modules/.pnpm/pg@8.20.0/node_modules/pg/esm/index.mjs [Client Component Browser]
    ./packages/database/src/client.ts [Client Component Browser]
    ./packages/database/src/auth-account-data.ts [Client Component Browser]
    ./apps/web/src/lib/imports.ts [Client Component Browser]
    ./apps/web/src/components/settings/data-imports-section.tsx [Client Component Browser]
    ./apps/web/src/components/settings/settings-panel.tsx [Client Component Browser]
    ./apps/web/src/components/settings/settings-dialog.tsx [Client Component Browser]
    ./apps/web/src/components/dashboard/shell.tsx [Client Component Browser]
    ./apps/web/src/components/dashboard/shell.tsx [Server Component]
    ./apps/web/src/app/workspace/layout.tsx [Server Component]

https://nextjs.org/docs/messages/module-not-found


./node_modules/.pnpm/pgpass@1.0.5/node_modules/pgpass/lib/index.js:4:10
Module not found: Can't resolve 'fs'
  2 |
  3 | var path = require('path')
> 4 |   , fs = require('fs')
    |          ^^^^^^^^^^^^^
  5 |   , helper = require('./helper.js')
  6 | ;
  7 |



Import trace:
  Client Component Browser:
    ./node_modules/.pnpm/pgpass@1.0.5/node_modules/pgpass/lib/index.js [Client Component Browser]
    ./node_modules/.pnpm/pg@8.20.0/node_modules/pg/lib/client.js [Client Component Browser]
    ./node_modules/.pnpm/pg@8.20.0/node_modules/pg/lib/index.js [Client Component Browser]
    ./node_modules/.pnpm/pg@8.20.0/node_modules/pg/esm/index.mjs [Client Component Browser]
    ./packages/database/src/client.ts [Client Component Browser]
    ./packages/database/src/auth-account-data.ts [Client Component Browser]
    ./apps/web/src/lib/imports.ts [Client Component Browser]
    ./apps/web/src/components/settings/data-imports-section.tsx [Client Component Browser]
    ./apps/web/src/components/settings/settings-panel.tsx [Client Component Browser]
    ./apps/web/src/components/settings/settings-dialog.tsx [Client Component Browser]
    ./apps/web/src/components/dashboard/shell.tsx [Client Component Browser]
    ./apps/web/src/components/dashboard/shell.tsx [Server Component]
    ./apps/web/src/app/workspace/layout.tsx [Server Component]

https://nextjs.org/docs/messages/module-not-found


./node_modules/.pnpm/@redis+client@5.11.0/node_modules/@redis/client/dist/lib/client/enterprise-maintenance-manager.js:8:15
Module not found: Can't resolve 'net'
   6 | Object.defineProperty(exports, "__esModule", { value: true });
   7 | exports.emitDiagnostics = exports.dbgMaintenance = exports.MAINTENANCE_EVENTS = exports.SMIGRATED_EVENT = void 0;
>  8 | const net_1 = require("net");
     |               ^^^^^^^^^^^^^^
   9 | const promises_1 = require("dns/promises");
  10 | const node_assert_1 = __importDefault(require("node:assert"));
  11 | const promises_2 = require("node:timers/promises");



Import traces:
  App Route:
    ./node_modules/.pnpm/@redis+client@5.11.0/node_modules/@redis/client/dist/lib/client/enterprise-maintenance-manager.js
    ./node_modules/.pnpm/@redis+client@5.11.0/node_modules/@redis/client/dist/lib/client/index.js
    ./node_modules/.pnpm/@redis+client@5.11.0/node_modules/@redis/client/dist/index.js
    ./node_modules/.pnpm/redis@5.11.0/node_modules/redis/dist/index.js
    ./apps/web/src/lib/tasks-cache.ts
    ./apps/web/src/app/api/capture/route.ts

  Client Component Browser:
    ./node_modules/.pnpm/@redis+client@5.11.0/node_modules/@redis/client/dist/lib/client/enterprise-maintenance-manager.js [Client Component Browser]
    ./node_modules/.pnpm/@redis+client@5.11.0/node_modules/@redis/client/dist/lib/client/index.js [Client Component Browser]
    ./node_modules/.pnpm/@redis+client@5.11.0/node_modules/@redis/client/dist/index.js [Client Component Browser]
    ./node_modules/.pnpm/redis@5.11.0/node_modules/redis/dist/index.js [Client Component Browser]
    ./apps/web/src/lib/files-realtime-publisher.ts [Client Component Browser]
    ./apps/web/src/lib/imports.ts [Client Component Browser]
    ./apps/web/src/components/settings/data-imports-section.tsx [Client Component Browser]
    ./apps/web/src/components/settings/settings-panel.tsx [Client Component Browser]
    ./apps/web/src/components/settings/settings-dialog.tsx [Client Component Browser]
    ./apps/web/src/components/dashboard/shell.tsx [Client Component Browser]
    ./apps/web/src/components/dashboard/shell.tsx [Server Component]
    ./apps/web/src/app/workspace/layout.tsx [Server Component]

  Client Component SSR:
    ./node_modules/.pnpm/@redis+client@5.11.0/node_modules/@redis/client/dist/lib/client/enterprise-maintenance-manager.js [Client Component SSR]
    ./node_modules/.pnpm/@redis+client@5.11.0/node_modules/@redis/client/dist/lib/client/index.js [Client Component SSR]
    ./node_modules/.pnpm/@redis+client@5.11.0/node_modules/@redis/client/dist/index.js [Client Component SSR]
    ./node_modules/.pnpm/redis@5.11.0/node_modules/redis/dist/index.js [Client Component SSR]
    ./apps/web/src/lib/files-realtime-publisher.ts [Client Component SSR]
    ./apps/web/src/lib/imports.ts [Client Component SSR]
    ./apps/web/src/components/settings/data-imports-section.tsx [Client Component SSR]
    ./apps/web/src/components/settings/settings-panel.tsx [Client Component SSR]
    ./apps/web/src/components/settings/settings-dialog.tsx [Client Component SSR]
    ./apps/web/src/components/dashboard/shell.tsx [Client Component SSR]
    ./apps/web/src/components/dashboard/shell.tsx [Server Component]
    ./apps/web/src/app/workspace/layout.tsx [Server Component]

https://nextjs.org/docs/messages/module-not-found


./node_modules/.pnpm/bullmq@5.70.4/node_modules/bullmq/dist/esm/classes/child.js:2:1
Module not found: Can't resolve 'net'
  1 | import { fork } from 'child_process';
> 2 | import { createServer } from 'net';
    | ^^^^^^^^^^^^^^^^^^^^^^^^^^^^^^^^^^^
  3 | import { Worker } from 'worker_threads';
  4 | import { ChildCommand, ParentCommand } from '../enums';
  5 | import { EventEmitter } from 'events';



Import traces:
  #1 [App Route]:
    ./node_modules/.pnpm/bullmq@5.70.4/node_modules/bullmq/dist/esm/classes/child.js
    ./node_modules/.pnpm/bullmq@5.70.4/node_modules/bullmq/dist/esm/classes/worker.js
    ./packages/ingestion/src/queue.ts
    ./apps/web/src/app/api/notes/[noteId]/sync/route.ts

  #2 [App Route]:
    ./node_modules/.pnpm/bullmq@5.70.4/node_modules/bullmq/dist/esm/classes/child.js
    ./node_modules/.pnpm/bullmq@5.70.4/node_modules/bullmq/dist/esm/classes/child-pool.js
    ./node_modules/.pnpm/bullmq@5.70.4/node_modules/bullmq/dist/esm/classes/worker.js
    ./packages/ingestion/src/queue.ts
    ./apps/web/src/app/api/workspaces/[workspaceUuid]/files/[fileUuid]/reingest/route.ts

  #3 [Client Component Browser]:
    ./node_modules/.pnpm/bullmq@5.70.4/node_modules/bullmq/dist/esm/classes/child.js [Client Component Browser]
    ./node_modules/.pnpm/bullmq@5.70.4/node_modules/bullmq/dist/esm/classes/child-pool.js [Client Component Browser]
    ./node_modules/.pnpm/bullmq@5.70.4/node_modules/bullmq/dist/esm/classes/worker.js [Client Component Browser]
    ./packages/ingestion/src/queue.ts [Client Component Browser]
    ./apps/web/src/lib/upload-registration.ts [Client Component Browser]
    ./apps/web/src/lib/imports.ts [Client Component Browser]
    ./apps/web/src/components/settings/data-imports-section.tsx [Client Component Browser]
    ./apps/web/src/components/settings/settings-panel.tsx [Client Component Browser]
    ./apps/web/src/components/settings/settings-dialog.tsx [Client Component Browser]
    ./apps/web/src/components/dashboard/shell.tsx [Client Component Browser]
    ./apps/web/src/components/dashboard/shell.tsx [Server Component]
    ./apps/web/src/app/workspace/layout.tsx [Server Component]

  #4 [Client Component SSR]:
    ./node_modules/.pnpm/bullmq@5.70.4/node_modules/bullmq/dist/esm/classes/child.js [Client Component SSR]
    ./node_modules/.pnpm/bullmq@5.70.4/node_modules/bullmq/dist/esm/classes/child-pool.js [Client Component SSR]
    ./node_modules/.pnpm/bullmq@5.70.4/node_modules/bullmq/dist/esm/classes/worker.js [Client Component SSR]
    ./packages/ingestion/src/queue.ts [Client Component SSR]
    ./apps/web/src/lib/upload-registration.ts [Client Component SSR]
    ./apps/web/src/lib/imports.ts [Client Component SSR]
    ./apps/web/src/components/settings/data-imports-section.tsx [Client Component SSR]
    ./apps/web/src/components/settings/settings-panel.tsx [Client Component SSR]
    ./apps/web/src/components/settings/settings-dialog.tsx [Client Component SSR]
    ./apps/web/src/components/dashboard/shell.tsx [Client Component SSR]
    ./apps/web/src/components/dashboard/shell.tsx [Server Component]
    ./apps/web/src/app/workspace/layout.tsx [Server Component]

https://nextjs.org/docs/messages/module-not-found


./node_modules/.pnpm/ioredis@5.9.3/node_modules/ioredis/built/cluster/util.js:5:15
Module not found: Can't resolve 'net'
  3 | exports.getConnectionName = exports.weightSrvRecords = exports.groupSrvRecords = exports.getUniqueHostnamesFromOptions = exports.normalizeNodeOptions = exports.n...
  4 | const utils_1 = require("../utils");
> 5 | const net_1 = require("net");
    |               ^^^^^^^^^^^^^^
  6 | function getNodeKey(node) {
  7 |     node.port = node.port || 6379;
  8 |     node.host = node.host || "127.0.0.1";



Import traces:
  App Route:
    ./node_modules/.pnpm/ioredis@5.9.3/node_modules/ioredis/built/cluster/util.js
    ./node_modules/.pnpm/ioredis@5.9.3/node_modules/ioredis/built/cluster/index.js
    ./node_modules/.pnpm/ioredis@5.9.3/node_modules/ioredis/built/index.js
    ./node_modules/.pnpm/bullmq@5.70.4/node_modules/bullmq/dist/esm/classes/redis-connection.js
    ./node_modules/.pnpm/bullmq@5.70.4/node_modules/bullmq/dist/esm/classes/worker.js
    ./packages/ingestion/src/queue.ts
    ./apps/web/src/app/api/maintenance/notes/reindex/route.ts

  Client Component Browser:
    ./node_modules/.pnpm/ioredis@5.9.3/node_modules/ioredis/built/cluster/util.js [Client Component Browser]
    ./node_modules/.pnpm/ioredis@5.9.3/node_modules/ioredis/built/cluster/index.js [Client Component Browser]
    ./node_modules/.pnpm/ioredis@5.9.3/node_modules/ioredis/built/index.js [Client Component Browser]
    ./node_modules/.pnpm/bullmq@5.70.4/node_modules/bullmq/dist/esm/classes/redis-connection.js [Client Component Browser]
    ./node_modules/.pnpm/bullmq@5.70.4/node_modules/bullmq/dist/esm/classes/worker.js [Client Component Browser]
    ./packages/ingestion/src/queue.ts [Client Component Browser]
    ./apps/web/src/lib/upload-registration.ts [Client Component Browser]
    ./apps/web/src/lib/imports.ts [Client Component Browser]
    ./apps/web/src/components/settings/data-imports-section.tsx [Client Component Browser]
    ./apps/web/src/components/settings/settings-panel.tsx [Client Component Browser]
    ./apps/web/src/components/settings/settings-dialog.tsx [Client Component Browser]
    ./apps/web/src/components/dashboard/shell.tsx [Client Component Browser]
    ./apps/web/src/components/dashboard/shell.tsx [Server Component]
    ./apps/web/src/app/workspace/layout.tsx [Server Component]

  Client Component SSR:
    ./node_modules/.pnpm/ioredis@5.9.3/node_modules/ioredis/built/cluster/util.js [Client Component SSR]
    ./node_modules/.pnpm/ioredis@5.9.3/node_modules/ioredis/built/cluster/index.js [Client Component SSR]
    ./node_modules/.pnpm/ioredis@5.9.3/node_modules/ioredis/built/index.js [Client Component SSR]
    ./node_modules/.pnpm/bullmq@5.70.4/node_modules/bullmq/dist/esm/classes/redis-connection.js [Client Component SSR]
    ./node_modules/.pnpm/bullmq@5.70.4/node_modules/bullmq/dist/esm/classes/worker.js [Client Component SSR]
    ./packages/ingestion/src/queue.ts [Client Component SSR]
    ./apps/web/src/lib/upload-registration.ts [Client Component SSR]
    ./apps/web/src/lib/imports.ts [Client Component SSR]
    ./apps/web/src/components/settings/data-imports-section.tsx [Client Component SSR]
    ./apps/web/src/components/settings/settings-panel.tsx [Client Component SSR]
    ./apps/web/src/components/settings/settings-dialog.tsx [Client Component SSR]
    ./apps/web/src/components/dashboard/shell.tsx [Client Component SSR]
    ./apps/web/src/components/dashboard/shell.tsx [Server Component]
    ./apps/web/src/app/workspace/layout.tsx [Server Component]

https://nextjs.org/docs/messages/module-not-found


./node_modules/.pnpm/ioredis@5.9.3/node_modules/ioredis/built/connectors/SentinelConnector/index.js:4:15
Module not found: Can't resolve 'net'
  2 | Object.defineProperty(exports, "__esModule", { value: true });
  3 | exports.SentinelIterator = void 0;
> 4 | const net_1 = require("net");
    |               ^^^^^^^^^^^^^^
  5 | const utils_1 = require("../../utils");
  6 | const tls_1 = require("tls");
  7 | const SentinelIterator_1 = require("./SentinelIterator");



Import traces:
  App Route:
    ./node_modules/.pnpm/ioredis@5.9.3/node_modules/ioredis/built/connectors/SentinelConnector/index.js
    ./node_modules/.pnpm/ioredis@5.9.3/node_modules/ioredis/built/index.js
    ./node_modules/.pnpm/bullmq@5.70.4/node_modules/bullmq/dist/esm/utils/index.js
    ./node_modules/.pnpm/bullmq@5.70.4/node_modules/bullmq/dist/esm/index.js
    ./packages/ingestion/src/queue.ts
    ./apps/web/src/app/api/maintenance/notes/reindex/route.ts

  Client Component Browser:
    ./node_modules/.pnpm/ioredis@5.9.3/node_modules/ioredis/built/connectors/SentinelConnector/index.js [Client Component Browser]
    ./node_modules/.pnpm/ioredis@5.9.3/node_modules/ioredis/built/index.js [Client Component Browser]
    ./node_modules/.pnpm/bullmq@5.70.4/node_modules/bullmq/dist/esm/utils/index.js [Client Component Browser]
    ./node_modules/.pnpm/bullmq@5.70.4/node_modules/bullmq/dist/esm/index.js [Client Component Browser]
    ./packages/ingestion/src/queue.ts [Client Component Browser]
    ./apps/web/src/lib/upload-registration.ts [Client Component Browser]
    ./apps/web/src/lib/imports.ts [Client Component Browser]
    ./apps/web/src/components/settings/data-imports-section.tsx [Client Component Browser]
    ./apps/web/src/components/settings/settings-panel.tsx [Client Component Browser]
    ./apps/web/src/components/settings/settings-dialog.tsx [Client Component Browser]
    ./apps/web/src/components/dashboard/shell.tsx [Client Component Browser]
    ./apps/web/src/components/dashboard/shell.tsx [Server Component]
    ./apps/web/src/app/workspace/layout.tsx [Server Component]

  Client Component SSR:
    ./node_modules/.pnpm/ioredis@5.9.3/node_modules/ioredis/built/connectors/SentinelConnector/index.js [Client Component SSR]
    ./node_modules/.pnpm/ioredis@5.9.3/node_modules/ioredis/built/index.js [Client Component SSR]
    ./node_modules/.pnpm/bullmq@5.70.4/node_modules/bullmq/dist/esm/utils/index.js [Client Component SSR]
    ./node_modules/.pnpm/bullmq@5.70.4/node_modules/bullmq/dist/esm/index.js [Client Component SSR]
    ./packages/ingestion/src/queue.ts [Client Component SSR]
    ./apps/web/src/lib/upload-registration.ts [Client Component SSR]
    ./apps/web/src/lib/imports.ts [Client Component SSR]
    ./apps/web/src/components/settings/data-imports-section.tsx [Client Component SSR]
    ./apps/web/src/components/settings/settings-panel.tsx [Client Component SSR]
    ./apps/web/src/components/settings/settings-dialog.tsx [Client Component SSR]
    ./apps/web/src/components/dashboard/shell.tsx [Client Component SSR]
    ./apps/web/src/components/dashboard/shell.tsx [Server Component]
    ./apps/web/src/app/workspace/layout.tsx [Server Component]

https://nextjs.org/docs/messages/module-not-found


./node_modules/.pnpm/ioredis@5.9.3/node_modules/ioredis/built/connectors/StandaloneConnector.js:3:15
Module not found: Can't resolve 'net'
  1 | "use strict";
  2 | Object.defineProperty(exports, "__esModule", { value: true });
> 3 | const net_1 = require("net");
    |               ^^^^^^^^^^^^^^
  4 | const tls_1 = require("tls");
  5 | const utils_1 = require("../utils");
  6 | const AbstractConnector_1 = require("./AbstractConnector");



Import traces:
  App Route:
    ./node_modules/.pnpm/ioredis@5.9.3/node_modules/ioredis/built/connectors/StandaloneConnector.js
    ./node_modules/.pnpm/ioredis@5.9.3/node_modules/ioredis/built/connectors/index.js
    ./node_modules/.pnpm/ioredis@5.9.3/node_modules/ioredis/built/Redis.js
    ./node_modules/.pnpm/ioredis@5.9.3/node_modules/ioredis/built/index.js
    ./node_modules/.pnpm/bullmq@5.70.4/node_modules/bullmq/dist/esm/utils/index.js
    ./node_modules/.pnpm/bullmq@5.70.4/node_modules/bullmq/dist/esm/index.js
    ./packages/ingestion/src/queue.ts
    ./apps/web/src/app/api/maintenance/notes/reindex/route.ts

  Client Component Browser:
    ./node_modules/.pnpm/ioredis@5.9.3/node_modules/ioredis/built/connectors/StandaloneConnector.js [Client Component Browser]
    ./node_modules/.pnpm/ioredis@5.9.3/node_modules/ioredis/built/connectors/index.js [Client Component Browser]
    ./node_modules/.pnpm/ioredis@5.9.3/node_modules/ioredis/built/Redis.js [Client Component Browser]
    ./node_modules/.pnpm/ioredis@5.9.3/node_modules/ioredis/built/index.js [Client Component Browser]
    ./node_modules/.pnpm/bullmq@5.70.4/node_modules/bullmq/dist/esm/utils/index.js [Client Component Browser]
    ./node_modules/.pnpm/bullmq@5.70.4/node_modules/bullmq/dist/esm/index.js [Client Component Browser]
    ./packages/ingestion/src/queue.ts [Client Component Browser]
    ./apps/web/src/lib/upload-registration.ts [Client Component Browser]
    ./apps/web/src/lib/imports.ts [Client Component Browser]
    ./apps/web/src/components/settings/data-imports-section.tsx [Client Component Browser]
    ./apps/web/src/components/settings/settings-panel.tsx [Client Component Browser]
    ./apps/web/src/components/settings/settings-dialog.tsx [Client Component Browser]
    ./apps/web/src/components/dashboard/shell.tsx [Client Component Browser]
    ./apps/web/src/components/dashboard/shell.tsx [Server Component]
    ./apps/web/src/app/workspace/layout.tsx [Server Component]

  Client Component SSR:
    ./node_modules/.pnpm/ioredis@5.9.3/node_modules/ioredis/built/connectors/StandaloneConnector.js [Client Component SSR]
    ./node_modules/.pnpm/ioredis@5.9.3/node_modules/ioredis/built/connectors/index.js [Client Component SSR]
    ./node_modules/.pnpm/ioredis@5.9.3/node_modules/ioredis/built/Redis.js [Client Component SSR]
    ./node_modules/.pnpm/ioredis@5.9.3/node_modules/ioredis/built/index.js [Client Component SSR]
    ./node_modules/.pnpm/bullmq@5.70.4/node_modules/bullmq/dist/esm/utils/index.js [Client Component SSR]
    ./node_modules/.pnpm/bullmq@5.70.4/node_modules/bullmq/dist/esm/index.js [Client Component SSR]
    ./packages/ingestion/src/queue.ts [Client Component SSR]
    ./apps/web/src/lib/upload-registration.ts [Client Component SSR]
    ./apps/web/src/lib/imports.ts [Client Component SSR]
    ./apps/web/src/components/settings/data-imports-section.tsx [Client Component SSR]
    ./apps/web/src/components/settings/settings-panel.tsx [Client Component SSR]
    ./apps/web/src/components/settings/settings-dialog.tsx [Client Component SSR]
    ./apps/web/src/components/dashboard/shell.tsx [Client Component SSR]
    ./apps/web/src/components/dashboard/shell.tsx [Server Component]
    ./apps/web/src/app/workspace/layout.tsx [Server Component]

https://nextjs.org/docs/messages/module-not-found


./node_modules/.pnpm/pg@8.20.0/node_modules/pg/lib/connection.js:93:19
Module not found: Can't resolve 'net'
  91 |       }
  92 |
> 93 |       const net = require('net')
     |                   ^^^^^^^^^^^^^^
  94 |       if (net.isIP && net.isIP(host) === 0) {
  95 |         options.servername = host
  96 |       }



Import trace:
  Client Component Browser:
    ./node_modules/.pnpm/pg@8.20.0/node_modules/pg/lib/connection.js [Client Component Browser]
    ./node_modules/.pnpm/pg@8.20.0/node_modules/pg/lib/index.js [Client Component Browser]
    ./node_modules/.pnpm/pg@8.20.0/node_modules/pg/esm/index.mjs [Client Component Browser]
    ./packages/database/src/client.ts [Client Component Browser]
    ./packages/database/src/auth-account-data.ts [Client Component Browser]
    ./apps/web/src/lib/imports.ts [Client Component Browser]
    ./apps/web/src/components/settings/data-imports-section.tsx [Client Component Browser]
    ./apps/web/src/components/settings/settings-panel.tsx [Client Component Browser]
    ./apps/web/src/components/settings/settings-dialog.tsx [Client Component Browser]
    ./apps/web/src/components/dashboard/shell.tsx [Client Component Browser]
    ./apps/web/src/components/dashboard/shell.tsx [Server Component]
    ./apps/web/src/app/workspace/layout.tsx [Server Component]

https://nextjs.org/docs/messages/module-not-found


./node_modules/.pnpm/pg@8.20.0/node_modules/pg/lib/stream.js:22:17
Module not found: Can't resolve 'net'
  20 | function getNodejsStreamFuncs() {
  21 |   function getStream(ssl) {
> 22 |     const net = require('net')
     |                 ^^^^^^^^^^^^^^
  23 |     return new net.Socket()
  24 |   }
  25 |



Import trace:
  Client Component Browser:
    ./node_modules/.pnpm/pg@8.20.0/node_modules/pg/lib/stream.js [Client Component Browser]
    ./node_modules/.pnpm/pg@8.20.0/node_modules/pg/lib/connection.js [Client Component Browser]
    ./node_modules/.pnpm/pg@8.20.0/node_modules/pg/lib/index.js [Client Component Browser]
    ./node_modules/.pnpm/pg@8.20.0/node_modules/pg/esm/index.mjs [Client Component Browser]
    ./packages/database/src/client.ts [Client Component Browser]
    ./packages/database/src/auth-account-data.ts [Client Component Browser]
    ./apps/web/src/lib/imports.ts [Client Component Browser]
    ./apps/web/src/components/settings/data-imports-section.tsx [Client Component Browser]
    ./apps/web/src/components/settings/settings-panel.tsx [Client Component Browser]
    ./apps/web/src/components/settings/settings-dialog.tsx [Client Component Browser]
    ./apps/web/src/components/dashboard/shell.tsx [Client Component Browser]
    ./apps/web/src/components/dashboard/shell.tsx [Server Component]
    ./apps/web/src/app/workspace/layout.tsx [Server Component]

https://nextjs.org/docs/messages/module-not-found


./node_modules/.pnpm/ioredis@5.9.3/node_modules/ioredis/built/connectors/SentinelConnector/index.js:6:15
Module not found: Can't resolve 'tls'
  4 | const net_1 = require("net");
  5 | const utils_1 = require("../../utils");
> 6 | const tls_1 = require("tls");
    |               ^^^^^^^^^^^^^^
  7 | const SentinelIterator_1 = require("./SentinelIterator");
  8 | exports.SentinelIterator = SentinelIterator_1.default;
  9 | const AbstractConnector_1 = require("../AbstractConnector");



Import traces:
  App Route:
    ./node_modules/.pnpm/ioredis@5.9.3/node_modules/ioredis/built/connectors/SentinelConnector/index.js
    ./node_modules/.pnpm/ioredis@5.9.3/node_modules/ioredis/built/index.js
    ./node_modules/.pnpm/bullmq@5.70.4/node_modules/bullmq/dist/esm/utils/index.js
    ./node_modules/.pnpm/bullmq@5.70.4/node_modules/bullmq/dist/esm/index.js
    ./packages/ingestion/src/queue.ts
    ./apps/web/src/app/api/maintenance/notes/reindex/route.ts

  Client Component Browser:
    ./node_modules/.pnpm/ioredis@5.9.3/node_modules/ioredis/built/connectors/SentinelConnector/index.js [Client Component Browser]
    ./node_modules/.pnpm/ioredis@5.9.3/node_modules/ioredis/built/index.js [Client Component Browser]
    ./node_modules/.pnpm/bullmq@5.70.4/node_modules/bullmq/dist/esm/utils/index.js [Client Component Browser]
    ./node_modules/.pnpm/bullmq@5.70.4/node_modules/bullmq/dist/esm/index.js [Client Component Browser]
    ./packages/ingestion/src/queue.ts [Client Component Browser]
    ./apps/web/src/lib/upload-registration.ts [Client Component Browser]
    ./apps/web/src/lib/imports.ts [Client Component Browser]
    ./apps/web/src/components/settings/data-imports-section.tsx [Client Component Browser]
    ./apps/web/src/components/settings/settings-panel.tsx [Client Component Browser]
    ./apps/web/src/components/settings/settings-dialog.tsx [Client Component Browser]
    ./apps/web/src/components/dashboard/shell.tsx [Client Component Browser]
    ./apps/web/src/components/dashboard/shell.tsx [Server Component]
    ./apps/web/src/app/workspace/layout.tsx [Server Component]

  Client Component SSR:
    ./node_modules/.pnpm/ioredis@5.9.3/node_modules/ioredis/built/connectors/SentinelConnector/index.js [Client Component SSR]
    ./node_modules/.pnpm/ioredis@5.9.3/node_modules/ioredis/built/index.js [Client Component SSR]
    ./node_modules/.pnpm/bullmq@5.70.4/node_modules/bullmq/dist/esm/utils/index.js [Client Component SSR]
    ./node_modules/.pnpm/bullmq@5.70.4/node_modules/bullmq/dist/esm/index.js [Client Component SSR]
    ./packages/ingestion/src/queue.ts [Client Component SSR]
    ./apps/web/src/lib/upload-registration.ts [Client Component SSR]
    ./apps/web/src/lib/imports.ts [Client Component SSR]
    ./apps/web/src/components/settings/data-imports-section.tsx [Client Component SSR]
    ./apps/web/src/components/settings/settings-panel.tsx [Client Component SSR]
    ./apps/web/src/components/settings/settings-dialog.tsx [Client Component SSR]
    ./apps/web/src/components/dashboard/shell.tsx [Client Component SSR]
    ./apps/web/src/components/dashboard/shell.tsx [Server Component]
    ./apps/web/src/app/workspace/layout.tsx [Server Component]

https://nextjs.org/docs/messages/module-not-found


./node_modules/.pnpm/ioredis@5.9.3/node_modules/ioredis/built/connectors/StandaloneConnector.js:4:15
Module not found: Can't resolve 'tls'
  2 | Object.defineProperty(exports, "__esModule", { value: true });
  3 | const net_1 = require("net");
> 4 | const tls_1 = require("tls");
    |               ^^^^^^^^^^^^^^
  5 | const utils_1 = require("../utils");
  6 | const AbstractConnector_1 = require("./AbstractConnector");
  7 | class StandaloneConnector extends AbstractConnector_1.default {



Import traces:
  App Route:
    ./node_modules/.pnpm/ioredis@5.9.3/node_modules/ioredis/built/connectors/StandaloneConnector.js
    ./node_modules/.pnpm/ioredis@5.9.3/node_modules/ioredis/built/connectors/index.js
    ./node_modules/.pnpm/ioredis@5.9.3/node_modules/ioredis/built/Redis.js
    ./node_modules/.pnpm/ioredis@5.9.3/node_modules/ioredis/built/index.js
    ./node_modules/.pnpm/bullmq@5.70.4/node_modules/bullmq/dist/esm/utils/index.js
    ./node_modules/.pnpm/bullmq@5.70.4/node_modules/bullmq/dist/esm/index.js
    ./packages/ingestion/src/queue.ts
    ./apps/web/src/app/api/maintenance/notes/reindex/route.ts

  Client Component Browser:
    ./node_modules/.pnpm/ioredis@5.9.3/node_modules/ioredis/built/connectors/StandaloneConnector.js [Client Component Browser]
    ./node_modules/.pnpm/ioredis@5.9.3/node_modules/ioredis/built/connectors/index.js [Client Component Browser]
    ./node_modules/.pnpm/ioredis@5.9.3/node_modules/ioredis/built/Redis.js [Client Component Browser]
    ./node_modules/.pnpm/ioredis@5.9.3/node_modules/ioredis/built/index.js [Client Component Browser]
    ./node_modules/.pnpm/bullmq@5.70.4/node_modules/bullmq/dist/esm/utils/index.js [Client Component Browser]
    ./node_modules/.pnpm/bullmq@5.70.4/node_modules/bullmq/dist/esm/index.js [Client Component Browser]
    ./packages/ingestion/src/queue.ts [Client Component Browser]
    ./apps/web/src/lib/upload-registration.ts [Client Component Browser]
    ./apps/web/src/lib/imports.ts [Client Component Browser]
    ./apps/web/src/components/settings/data-imports-section.tsx [Client Component Browser]
    ./apps/web/src/components/settings/settings-panel.tsx [Client Component Browser]
    ./apps/web/src/components/settings/settings-dialog.tsx [Client Component Browser]
    ./apps/web/src/components/dashboard/shell.tsx [Client Component Browser]
    ./apps/web/src/components/dashboard/shell.tsx [Server Component]
    ./apps/web/src/app/workspace/layout.tsx [Server Component]

  Client Component SSR:
    ./node_modules/.pnpm/ioredis@5.9.3/node_modules/ioredis/built/connectors/StandaloneConnector.js [Client Component SSR]
    ./node_modules/.pnpm/ioredis@5.9.3/node_modules/ioredis/built/connectors/index.js [Client Component SSR]
    ./node_modules/.pnpm/ioredis@5.9.3/node_modules/ioredis/built/Redis.js [Client Component SSR]
    ./node_modules/.pnpm/ioredis@5.9.3/node_modules/ioredis/built/index.js [Client Component SSR]
    ./node_modules/.pnpm/bullmq@5.70.4/node_modules/bullmq/dist/esm/utils/index.js [Client Component SSR]
    ./node_modules/.pnpm/bullmq@5.70.4/node_modules/bullmq/dist/esm/index.js [Client Component SSR]
    ./packages/ingestion/src/queue.ts [Client Component SSR]
    ./apps/web/src/lib/upload-registration.ts [Client Component SSR]
    ./apps/web/src/lib/imports.ts [Client Component SSR]
    ./apps/web/src/components/settings/data-imports-section.tsx [Client Component SSR]
    ./apps/web/src/components/settings/settings-panel.tsx [Client Component SSR]
    ./apps/web/src/components/settings/settings-dialog.tsx [Client Component SSR]
    ./apps/web/src/components/dashboard/shell.tsx [Client Component SSR]
    ./apps/web/src/components/dashboard/shell.tsx [Server Component]
    ./apps/web/src/app/workspace/layout.tsx [Server Component]

https://nextjs.org/docs/messages/module-not-found


./node_modules/.pnpm/pg@8.20.0/node_modules/pg/lib/stream.js:27:17
Module not found: Can't resolve 'tls'
  25 |
  26 |   function getSecureStream(options) {
> 27 |     const tls = require('tls')
     |                 ^^^^^^^^^^^^^^
  28 |     return tls.connect(options)
  29 |   }
  30 |   return {



Import trace:
  Client Component Browser:
    ./node_modules/.pnpm/pg@8.20.0/node_modules/pg/lib/stream.js [Client Component Browser]
    ./node_modules/.pnpm/pg@8.20.0/node_modules/pg/lib/connection.js [Client Component Browser]
    ./node_modules/.pnpm/pg@8.20.0/node_modules/pg/lib/index.js [Client Component Browser]
    ./node_modules/.pnpm/pg@8.20.0/node_modules/pg/esm/index.mjs [Client Component Browser]
    ./packages/database/src/client.ts [Client Component Browser]
    ./packages/database/src/auth-account-data.ts [Client Component Browser]
    ./apps/web/src/lib/imports.ts [Client Component Browser]
    ./apps/web/src/components/settings/data-imports-section.tsx [Client Component Browser]
    ./apps/web/src/components/settings/settings-panel.tsx [Client Component Browser]
    ./apps/web/src/components/settings/settings-dialog.tsx [Client Component Browser]
    ./apps/web/src/components/dashboard/shell.tsx [Client Component Browser]
    ./apps/web/src/components/dashboard/shell.tsx [Server Component]
    ./apps/web/src/app/workspace/layout.tsx [Server Component]

https://nextjs.org/docs/messages/module-not-found


./node_modules/.pnpm/bullmq@5.70.4/node_modules/bullmq/dist/esm/classes/child.js:3:1
Module not found: Can't resolve 'worker_threads'
  1 | import { fork } from 'child_process';
  2 | import { createServer } from 'net';
> 3 | import { Worker } from 'worker_threads';
    | ^^^^^^^^^^^^^^^^^^^^^^^^^^^^^^^^^^^^^^^^
  4 | import { ChildCommand, ParentCommand } from '../enums';
  5 | import { EventEmitter } from 'events';
  6 | /**



Import traces:
  #1 [App Route]:
    ./node_modules/.pnpm/bullmq@5.70.4/node_modules/bullmq/dist/esm/classes/child.js
    ./node_modules/.pnpm/bullmq@5.70.4/node_modules/bullmq/dist/esm/classes/worker.js
    ./packages/ingestion/src/queue.ts
    ./apps/web/src/app/api/notes/[noteId]/sync/route.ts

  #2 [App Route]:
    ./node_modules/.pnpm/bullmq@5.70.4/node_modules/bullmq/dist/esm/classes/child.js
    ./node_modules/.pnpm/bullmq@5.70.4/node_modules/bullmq/dist/esm/classes/child-pool.js
    ./node_modules/.pnpm/bullmq@5.70.4/node_modules/bullmq/dist/esm/classes/worker.js
    ./packages/ingestion/src/queue.ts
    ./apps/web/src/app/api/workspaces/[workspaceUuid]/files/[fileUuid]/reingest/route.ts

  #3 [Client Component Browser]:
    ./node_modules/.pnpm/bullmq@5.70.4/node_modules/bullmq/dist/esm/classes/child.js [Client Component Browser]
    ./node_modules/.pnpm/bullmq@5.70.4/node_modules/bullmq/dist/esm/classes/child-pool.js [Client Component Browser]
    ./node_modules/.pnpm/bullmq@5.70.4/node_modules/bullmq/dist/esm/classes/worker.js [Client Component Browser]
    ./packages/ingestion/src/queue.ts [Client Component Browser]
    ./apps/web/src/lib/upload-registration.ts [Client Component Browser]
    ./apps/web/src/lib/imports.ts [Client Component Browser]
    ./apps/web/src/components/settings/data-imports-section.tsx [Client Component Browser]
    ./apps/web/src/components/settings/settings-panel.tsx [Client Component Browser]
    ./apps/web/src/components/settings/settings-dialog.tsx [Client Component Browser]
    ./apps/web/src/components/dashboard/shell.tsx [Client Component Browser]
    ./apps/web/src/components/dashboard/shell.tsx [Server Component]
    ./apps/web/src/app/workspace/layout.tsx [Server Component]

  #4 [Client Component SSR]:
    ./node_modules/.pnpm/bullmq@5.70.4/node_modules/bullmq/dist/esm/classes/child.js [Client Component SSR]
    ./node_modules/.pnpm/bullmq@5.70.4/node_modules/bullmq/dist/esm/classes/child-pool.js [Client Component SSR]
    ./node_modules/.pnpm/bullmq@5.70.4/node_modules/bullmq/dist/esm/classes/worker.js [Client Component SSR]
    ./packages/ingestion/src/queue.ts [Client Component SSR]
    ./apps/web/src/lib/upload-registration.ts [Client Component SSR]
    ./apps/web/src/lib/imports.ts [Client Component SSR]
    ./apps/web/src/components/settings/data-imports-section.tsx [Client Component SSR]
    ./apps/web/src/components/settings/settings-panel.tsx [Client Component SSR]
    ./apps/web/src/components/settings/settings-dialog.tsx [Client Component SSR]
    ./apps/web/src/components/dashboard/shell.tsx [Client Component SSR]
    ./apps/web/src/components/dashboard/shell.tsx [Server Component]
    ./apps/web/src/app/workspace/layout.tsx [Server Component]

https://nextjs.org/docs/messages/module-not-found
